==========0-th Frame was created==========
Size(kb) | OUTPUT
104	/var/www/html/video/loot_512_10fr/low/low_s0.bin
140	/var/www/html/video/loot_512_10fr/mid/mid_s0.bin
680	/var/www/html/video/loot_512_10fr/high/high_s0.bin
==========1-th Frame was created==========
Size(kb) | OUTPUT
108	/var/www/html/video/loot_512_10fr/low/low_s1.bin
144	/var/www/html/video/loot_512_10fr/mid/mid_s1.bin
672	/var/www/html/video/loot_512_10fr/high/high_s1.bin
==========2-th Frame was created==========
Size(kb) | OUTPUT
104	/var/www/html/video/loot_512_10fr/low/low_s2.bin
140	/var/www/html/video/loot_512_10fr/mid/mid_s2.bin
628	/var/www/html/video/loot_512_10fr/high/high_s2.bin
==========3-th Frame was created==========
Size(kb) | OUTPUT
104	/var/www/html/video/loot_512_10fr/low/low_s3.bin
140	/var/www/html/video/loot_512_10fr/mid/mid_s3.bin
624	/var/www/html/video/loot_512_10fr/high/high_s3.bin
==========4-th Frame was created==========
Size(kb) | OUTPUT
104	/var/www/html/video/loot_512_10fr/low/low_s4.bin
144	/var/www/html/video/loot_512_10fr/mid/mid_s4.bin
660	/var/www/html/video/loot_512_10fr/high/high_s4.bin
==========5-th Frame was created==========
Size(kb) | OUTPUT
108	/var/www/html/video/loot_512_10fr/low/low_s5.bin
144	/var/www/html/video/loot_512_10fr/mid/mid_s5.bin
668	/var/www/html/video/loot_512_10fr/high/high_s5.bin
==========6-th Frame was created==========
Size(kb) | OUTPUT
108	/var/www/html/video/loot_512_10fr/low/low_s6.bin
148	/var/www/html/video/loot_512_10fr/mid/mid_s6.bin
684	/var/www/html/video/loot_512_10fr/high/high_s6.bin
==========7-th Frame was created==========
Size(kb) | OUTPUT
112	/var/www/html/video/loot_512_10fr/low/low_s7.bin
148	/var/www/html/video/loot_512_10fr/mid/mid_s7.bin
704	/var/www/html/video/loot_512_10fr/high/high_s7.bin
==========8-th Frame was created==========
Size(kb) | OUTPUT
116	/var/www/html/video/loot_512_10fr/low/low_s8.bin
152	/var/www/html/video/loot_512_10fr/mid/mid_s8.bin
704	/var/www/html/video/loot_512_10fr/high/high_s8.bin
==========9-th Frame was created==========
Size(kb) | OUTPUT
112	/var/www/html/video/loot_512_10fr/low/low_s9.bin
152	/var/www/html/video/loot_512_10fr/mid/mid_s9.bin
696	/var/www/html/video/loot_512_10fr/high/high_s9.bin
==========10-th Frame was created==========
Size(kb) | OUTPUT
==========11-th Frame was created==========
Size(kb) | OUTPUT
==========12-th Frame was created==========
Size(kb) | OUTPUT
