==========0-th Frame was created==========
Size(kb) | OUTPUT
304	/var/www/html/video/loot_512_30fr/low/low_s0.bin
416	/var/www/html/video/loot_512_30fr/mid/mid_s0.bin
2032	/var/www/html/video/loot_512_30fr/high/high_s0.bin
==========1-th Frame was created==========
Size(kb) | OUTPUT
316	/var/www/html/video/loot_512_30fr/low/low_s1.bin
428	/var/www/html/video/loot_512_30fr/mid/mid_s1.bin
2008	/var/www/html/video/loot_512_30fr/high/high_s1.bin
==========2-th Frame was created==========
Size(kb) | OUTPUT
308	/var/www/html/video/loot_512_30fr/low/low_s2.bin
416	/var/www/html/video/loot_512_30fr/mid/mid_s2.bin
1860	/var/www/html/video/loot_512_30fr/high/high_s2.bin
==========3-th Frame was created==========
Size(kb) | OUTPUT
308	/var/www/html/video/loot_512_30fr/low/low_s3.bin
416	/var/www/html/video/loot_512_30fr/mid/mid_s3.bin
1868	/var/www/html/video/loot_512_30fr/high/high_s3.bin
==========4-th Frame was created==========
Size(kb) | OUTPUT
316	/var/www/html/video/loot_512_30fr/low/low_s4.bin
428	/var/www/html/video/loot_512_30fr/mid/mid_s4.bin
1968	/var/www/html/video/loot_512_30fr/high/high_s4.bin
==========5-th Frame was created==========
Size(kb) | OUTPUT
320	/var/www/html/video/loot_512_30fr/low/low_s5.bin
432	/var/www/html/video/loot_512_30fr/mid/mid_s5.bin
2000	/var/www/html/video/loot_512_30fr/high/high_s5.bin
==========6-th Frame was created==========
Size(kb) | OUTPUT
320	/var/www/html/video/loot_512_30fr/low/low_s6.bin
436	/var/www/html/video/loot_512_30fr/mid/mid_s6.bin
2060	/var/www/html/video/loot_512_30fr/high/high_s6.bin
==========7-th Frame was created==========
Size(kb) | OUTPUT
332	/var/www/html/video/loot_512_30fr/low/low_s7.bin
448	/var/www/html/video/loot_512_30fr/mid/mid_s7.bin
2108	/var/www/html/video/loot_512_30fr/high/high_s7.bin
==========8-th Frame was created==========
Size(kb) | OUTPUT
340	/var/www/html/video/loot_512_30fr/low/low_s8.bin
452	/var/www/html/video/loot_512_30fr/mid/mid_s8.bin
2100	/var/www/html/video/loot_512_30fr/high/high_s8.bin
==========9-th Frame was created==========
Size(kb) | OUTPUT
332	/var/www/html/video/loot_512_30fr/low/low_s9.bin
448	/var/www/html/video/loot_512_30fr/mid/mid_s9.bin
2088	/var/www/html/video/loot_512_30fr/high/high_s9.bin
