==========0-th Frame was created==========
Size(kb) | OUTPUT
152	/var/www/html/video/loot_128_15fr/low/low_s0.bin
212	/var/www/html/video/loot_128_15fr/mid/mid_s0.bin
1020	/var/www/html/video/loot_128_15fr/high/high_s0.bin
==========1-th Frame was created==========
Size(kb) | OUTPUT
160	/var/www/html/video/loot_128_15fr/low/low_s1.bin
216	/var/www/html/video/loot_128_15fr/mid/mid_s1.bin
1004	/var/www/html/video/loot_128_15fr/high/high_s1.bin
==========2-th Frame was created==========
Size(kb) | OUTPUT
156	/var/www/html/video/loot_128_15fr/low/low_s2.bin
208	/var/www/html/video/loot_128_15fr/mid/mid_s2.bin
936	/var/www/html/video/loot_128_15fr/high/high_s2.bin
==========3-th Frame was created==========
Size(kb) | OUTPUT
156	/var/www/html/video/loot_128_15fr/low/low_s3.bin
208	/var/www/html/video/loot_128_15fr/mid/mid_s3.bin
932	/var/www/html/video/loot_128_15fr/high/high_s3.bin
==========4-th Frame was created==========
Size(kb) | OUTPUT
160	/var/www/html/video/loot_128_15fr/low/low_s4.bin
216	/var/www/html/video/loot_128_15fr/mid/mid_s4.bin
980	/var/www/html/video/loot_128_15fr/high/high_s4.bin
==========5-th Frame was created==========
Size(kb) | OUTPUT
160	/var/www/html/video/loot_128_15fr/low/low_s5.bin
216	/var/www/html/video/loot_128_15fr/mid/mid_s5.bin
1000	/var/www/html/video/loot_128_15fr/high/high_s5.bin
==========6-th Frame was created==========
Size(kb) | OUTPUT
164	/var/www/html/video/loot_128_15fr/low/low_s6.bin
220	/var/www/html/video/loot_128_15fr/mid/mid_s6.bin
1028	/var/www/html/video/loot_128_15fr/high/high_s6.bin
==========7-th Frame was created==========
Size(kb) | OUTPUT
164	/var/www/html/video/loot_128_15fr/low/low_s7.bin
224	/var/www/html/video/loot_128_15fr/mid/mid_s7.bin
1052	/var/www/html/video/loot_128_15fr/high/high_s7.bin
==========8-th Frame was created==========
Size(kb) | OUTPUT
172	/var/www/html/video/loot_128_15fr/low/low_s8.bin
228	/var/www/html/video/loot_128_15fr/mid/mid_s8.bin
1052	/var/www/html/video/loot_128_15fr/high/high_s8.bin
==========9-th Frame was created==========
Size(kb) | OUTPUT
168	/var/www/html/video/loot_128_15fr/low/low_s9.bin
224	/var/www/html/video/loot_128_15fr/mid/mid_s9.bin
1044	/var/www/html/video/loot_128_15fr/high/high_s9.bin