Performing C SOURCE FILE Test CMAKE_HAVE_LIBC_PTHREAD failed with the following output:
Change Dir: /home/mcnl/mcnl/project/test/mpeg-pcc-tmc2/dependencies/HM/build/CMakeFiles/CMakeTmp

Run Build Command(s):/usr/bin/make -f Makefile cmTC_09038/fast && /usr/bin/make  -f CMakeFiles/cmTC_09038.dir/build.make CMakeFiles/cmTC_09038.dir/build
make[1]: Entering directory '/home/mcnl/mcnl/project/test/mpeg-pcc-tmc2/dependencies/HM/build/CMakeFiles/CMakeTmp'
Building C object CMakeFiles/cmTC_09038.dir/src.c.o
/usr/bin/cc -DCMAKE_HAVE_LIBC_PTHREAD  -fPIE -o CMakeFiles/cmTC_09038.dir/src.c.o -c /home/mcnl/mcnl/project/test/mpeg-pcc-tmc2/dependencies/HM/build/CMakeFiles/CMakeTmp/src.c
Linking C executable cmTC_09038
/home/mcnl/.local/lib/python3.8/site-packages/cmake/data/bin/cmake -E cmake_link_script CMakeFiles/cmTC_09038.dir/link.txt --verbose=1
/usr/bin/cc CMakeFiles/cmTC_09038.dir/src.c.o -o cmTC_09038 
/usr/bin/ld: CMakeFiles/cmTC_09038.dir/src.c.o: in function `main':
src.c:(.text+0x46): undefined reference to `pthread_create'
/usr/bin/ld: src.c:(.text+0x52): undefined reference to `pthread_detach'
/usr/bin/ld: src.c:(.text+0x5e): undefined reference to `pthread_cancel'
/usr/bin/ld: src.c:(.text+0x6f): undefined reference to `pthread_join'
collect2: error: ld returned 1 exit status
make[1]: *** [CMakeFiles/cmTC_09038.dir/build.make:99: cmTC_09038] Error 1
make[1]: Leaving directory '/home/mcnl/mcnl/project/test/mpeg-pcc-tmc2/dependencies/HM/build/CMakeFiles/CMakeTmp'
make: *** [Makefile:127: cmTC_09038/fast] Error 2


Source file was:
#include <pthread.h>

static void* test_func(void* data)
{
  return data;
}

int main(void)
{
  pthread_t thread;
  pthread_create(&thread, NULL, test_func, NULL);
  pthread_detach(thread);
  pthread_cancel(thread);
  pthread_join(thread, NULL);
  pthread_atfork(NULL, NULL, NULL);
  pthread_exit(NULL);

  return 0;
}

